\BOOKMARK [1][-]{section.1}{\376\377\000C\000e\000l\000\040\000i\000\040\000z\000a\000k\000r\000e\000s\000\040\000z\000a\000d\000a\000n\000i\000a}{}% 1
\BOOKMARK [1][-]{section.2}{\376\377\000O\000p\000i\000s\000\040\000a\000l\000g\000o\000r\000y\000t\000m\000\363\000w\000\040\000i\000\040\000s\000z\000c\000z\000e\000g\000\363\001\102\000y\000\040\000i\000m\000p\000l\000e\000m\000e\000n\000t\000a\000c\000j\000i}{}% 2
\BOOKMARK [2][-]{subsection.2.1}{\376\377\000A\000l\000g\000o\000r\000y\000t\000m\000\040\000D\000i\000j\000k\000s\000t\000r\000y}{section.2}% 3
\BOOKMARK [2][-]{subsection.2.2}{\376\377\000A\000l\000g\000o\000r\000y\000t\000m\000\040\000B\000e\000l\000l\000m\000a\000n\000a\000-\000F\000o\000r\000d\000a}{section.2}% 4
\BOOKMARK [1][-]{section.3}{\376\377\000M\000e\000t\000o\000d\000o\000l\000o\000g\000i\000a}{}% 5
\BOOKMARK [2][-]{subsection.3.1}{\376\377\000P\000a\000r\000a\000m\000e\000t\000r\000y\000\040\000e\000k\000s\000p\000e\000r\000y\000m\000e\000n\000t\000\363\000w}{section.3}% 6
\BOOKMARK [2][-]{subsection.3.2}{\376\377\000P\000o\000m\000i\000a\000r\000\040\000p\000a\000m\000i\001\031\000c\000i}{section.3}% 7
\BOOKMARK [2][-]{subsection.3.3}{\376\377\000T\000e\000s\000t\000\040\000w\000y\000k\000r\000y\000w\000a\000n\000i\000a\000\040\000u\000j\000e\000m\000n\000y\000c\000h\000\040\000c\000y\000k\000l\000i}{section.3}% 8
\BOOKMARK [2][-]{subsection.3.4}{\376\377\001\132\000r\000o\000d\000o\000w\000i\000s\000k\000o\000\040\000t\000e\000s\000t\000o\000w\000e}{section.3}% 9
\BOOKMARK [1][-]{section.4}{\376\377\000W\000y\000n\000i\000k\000i\000\040\000e\000k\000s\000p\000e\000r\000y\000m\000e\000n\000t\000\363\000w}{}% 10
\BOOKMARK [2][-]{subsection.4.1}{\376\377\000C\000z\000a\000s\000\040\000w\000y\000k\000o\000n\000a\000n\000i\000a\000\040\000a\000\040\000r\000o\000z\000m\000i\000a\000r\000\040\000g\000r\000a\000f\000u}{section.4}% 11
\BOOKMARK [2][-]{subsection.4.2}{\376\377\000C\000z\000a\000s\000\040\000w\000y\000k\000o\000n\000a\000n\000i\000a\000\040\000a\000\040\000g\001\031\000s\000t\000o\001\133\001\007\000\040\000g\000r\000a\000f\000u}{section.4}% 12
\BOOKMARK [2][-]{subsection.4.3}{\376\377\000B\000e\000z\000p\000o\001\133\000r\000e\000d\000n\000i\000e\000\040\000p\000o\000r\000\363\000w\000n\000a\000n\000i\000e\000\040\000o\000b\000u\000\040\000a\000l\000g\000o\000r\000y\000t\000m\000\363\000w}{section.4}% 13
\BOOKMARK [2][-]{subsection.4.4}{\376\377\000Z\000u\001\174\000y\000c\000i\000e\000\040\000p\000a\000m\000i\001\031\000c\000i}{section.4}% 14
\BOOKMARK [2][-]{subsection.4.5}{\376\377\000L\000i\000c\000z\000b\000a\000\040\000o\000p\000e\000r\000a\000c\000j\000i\000\040\000r\000e\000l\000a\000k\000s\000a\000c\000j\000i}{section.4}% 15
\BOOKMARK [1][-]{section.5}{\376\377\000Z\000e\000s\000t\000a\000w\000i\000e\000n\000i\000e\000\040\000w\000y\000n\000i\000k\000o\000w\000e}{}% 16
\BOOKMARK [1][-]{section.6}{\376\377\000A\000n\000a\000l\000i\000z\000a\000\040\000w\000y\000n\000i\000k\000\363\000w}{}% 17
\BOOKMARK [2][-]{subsection.6.1}{\376\377\000W\000p\001\102\000y\000w\000\040\000s\000t\000r\000u\000k\000t\000u\000r\000y\000\040\000d\000a\000n\000y\000c\000h\000\040\000n\000a\000\040\000c\000z\000a\000s\000\040\000w\000y\000k\000o\000n\000a\000n\000i\000a}{section.6}% 18
\BOOKMARK [2][-]{subsection.6.2}{\376\377\000W\000p\001\102\000y\000w\000\040\000r\000o\000z\000m\000i\000a\000r\000u\000\040\000i\000\040\000g\001\031\000s\000t\000o\001\133\000c\000i\000\040\000g\000r\000a\000f\000u}{section.6}% 19
\BOOKMARK [2][-]{subsection.6.3}{\376\377\000Z\000u\001\174\000y\000c\000i\000e\000\040\000p\000a\000m\000i\001\031\000c\000i}{section.6}% 20
\BOOKMARK [2][-]{subsection.6.4}{\376\377\000W\000y\000k\000r\000y\000w\000a\000n\000i\000e\000\040\000u\000j\000e\000m\000n\000y\000c\000h\000\040\000c\000y\000k\000l\000i}{section.6}% 21
\BOOKMARK [1][-]{section.7}{\376\377\000W\000n\000i\000o\000s\000k\000i}{}% 22
